
 **************************************************************************************************
 TurbSim

 Copyright (C) 2023 National Renewable Energy Laboratory
 Copyright (C) 2023 Envision Energy USA LTD

 This program is licensed under Apache License Version 2.0 and comes with ABSOLUTELY NO WARRANTY.
 See the "LICENSE" file distributed with this software for details.
 **************************************************************************************************

  Running TurbSim (from OpenFAST--128-NOTFOUND)


  Reading the input file "./TurbSim.inp".
  WARNING:   The random number generator in use differs from the original code provided by NREL.
  This pRNG uses 8 seeds instead of the 2 in the TurbSim input file.
  WARNING:   The random number generator in use differs from the original code provided by NREL.
  This pRNG uses 8 seeds instead of the 2 in the TurbSim input file.
  Calculating the spectral and transfer function matrices:
     u-component matrices (IEC coherence method)
     v-component matrices (identity coherence)
     w-component matrices (identity coherence)
  Generating time series for all points:
     u-component
     v-component
     w-component
  Computing hub-height statistics
  Writing statistics to summary file
  Hub-height AeroDyn data were written to "./TurbSim.hh"

  Processing complete.  0.76783 CPU seconds used.

  TurbSim terminated normally.


 **************************************************************************************************
 TurbSim

 Copyright (C) 2023 National Renewable Energy Laboratory
 Copyright (C) 2023 Envision Energy USA LTD

 This program is licensed under Apache License Version 2.0 and comes with ABSOLUTELY NO WARRANTY.
 See the "LICENSE" file distributed with this software for details.
 **************************************************************************************************

  Running TurbSim (from OpenFAST--128-NOTFOUND)


  Reading the input file "./TurbSim.inp".
  WARNING:   The random number generator in use differs from the original code provided by NREL.
  This pRNG uses 8 seeds instead of the 2 in the TurbSim input file.
  WARNING:   The random number generator in use differs from the original code provided by NREL.
  This pRNG uses 8 seeds instead of the 2 in the TurbSim input file.
  Calculating the spectral and transfer function matrices:
     u-component matrices (IEC coherence method)
     v-component matrices (identity coherence)
     w-component matrices (identity coherence)
  Generating time series for all points:
     u-component
     v-component
     w-component
  Computing hub-height statistics
  Writing statistics to summary file
  Hub-height AeroDyn data were written to "./TurbSim.hh"

  Processing complete.  0.77211 CPU seconds used.

  TurbSim terminated normally.


 **************************************************************************************************
 TurbSim

 Copyright (C) 2023 National Renewable Energy Laboratory
 Copyright (C) 2023 Envision Energy USA LTD

 This program is licensed under Apache License Version 2.0 and comes with ABSOLUTELY NO WARRANTY.
 See the "LICENSE" file distributed with this software for details.
 **************************************************************************************************

  Running TurbSim (from OpenFAST--128-NOTFOUND)


  Reading the input file "./TurbSim.inp".
  WARNING:   The random number generator in use differs from the original code provided by NREL.
  This pRNG uses 8 seeds instead of the 2 in the TurbSim input file.
  WARNING:   The random number generator in use differs from the original code provided by NREL.
  This pRNG uses 8 seeds instead of the 2 in the TurbSim input file.
  Calculating the spectral and transfer function matrices:
     u-component matrices (IEC coherence method)
     v-component matrices (identity coherence)
     w-component matrices (identity coherence)
  Generating time series for all points:
     u-component
     v-component
     w-component
  Computing hub-height statistics
  Writing statistics to summary file
  Hub-height AeroDyn data were written to "./TurbSim.hh"

  Processing complete.  0.78369 CPU seconds used.

  TurbSim terminated normally.


 **************************************************************************************************
 TurbSim

 Copyright (C) 2023 National Renewable Energy Laboratory
 Copyright (C) 2023 Envision Energy USA LTD

 This program is licensed under Apache License Version 2.0 and comes with ABSOLUTELY NO WARRANTY.
 See the "LICENSE" file distributed with this software for details.
 **************************************************************************************************

  Running TurbSim (from OpenFAST--128-NOTFOUND)


  Reading the input file "./TurbSim.inp".
  WARNING:   The random number generator in use differs from the original code provided by NREL.
  This pRNG uses 8 seeds instead of the 2 in the TurbSim input file.
  WARNING:   The random number generator in use differs from the original code provided by NREL.
  This pRNG uses 8 seeds instead of the 2 in the TurbSim input file.
  Calculating the spectral and transfer function matrices:
     u-component matrices (IEC coherence method)
     v-component matrices (identity coherence)
     w-component matrices (identity coherence)
  Generating time series for all points:
     u-component
     v-component
     w-component
  Computing hub-height statistics
  Writing statistics to summary file
  Hub-height AeroDyn data were written to "./TurbSim.hh"

  Processing complete.  0.76438 CPU seconds used.

  TurbSim terminated normally.


 **************************************************************************************************
 TurbSim

 Copyright (C) 2023 National Renewable Energy Laboratory
 Copyright (C) 2023 Envision Energy USA LTD

 This program is licensed under Apache License Version 2.0 and comes with ABSOLUTELY NO WARRANTY.
 See the "LICENSE" file distributed with this software for details.
 **************************************************************************************************

  Running TurbSim (from OpenFAST--128-NOTFOUND)


  Reading the input file "./TurbSim.inp".
  WARNING:   The random number generator in use differs from the original code provided by NREL.
  This pRNG uses 8 seeds instead of the 2 in the TurbSim input file.
  WARNING:   The random number generator in use differs from the original code provided by NREL.
  This pRNG uses 8 seeds instead of the 2 in the TurbSim input file.
  Calculating the spectral and transfer function matrices:
     u-component matrices (IEC coherence method)
     v-component matrices (identity coherence)
     w-component matrices (identity coherence)
  Generating time series for all points:
     u-component
     v-component
     w-component
  Computing hub-height statistics
  Writing statistics to summary file
  Hub-height AeroDyn data were written to "./TurbSim.hh"

  Processing complete.  0.76624 CPU seconds used.

  TurbSim terminated normally.


 **************************************************************************************************
 TurbSim

 Copyright (C) 2023 National Renewable Energy Laboratory
 Copyright (C) 2023 Envision Energy USA LTD

 This program is licensed under Apache License Version 2.0 and comes with ABSOLUTELY NO WARRANTY.
 See the "LICENSE" file distributed with this software for details.
 **************************************************************************************************

  Running TurbSim (from OpenFAST--128-NOTFOUND)


  Reading the input file "./TurbSim.inp".
  WARNING:   The random number generator in use differs from the original code provided by NREL.
  This pRNG uses 8 seeds instead of the 2 in the TurbSim input file.
  WARNING:   The random number generator in use differs from the original code provided by NREL.
  This pRNG uses 8 seeds instead of the 2 in the TurbSim input file.
  Calculating the spectral and transfer function matrices:
     u-component matrices (IEC coherence method)
     v-component matrices (identity coherence)
     w-component matrices (identity coherence)
  Generating time series for all points:
     u-component
     v-component
     w-component
  Computing hub-height statistics
  Writing statistics to summary file
  Hub-height AeroDyn data were written to "./TurbSim.hh"

  Processing complete.  0.75705 CPU seconds used.

  TurbSim terminated normally.


 **************************************************************************************************
 TurbSim

 Copyright (C) 2023 National Renewable Energy Laboratory
 Copyright (C) 2023 Envision Energy USA LTD

 This program is licensed under Apache License Version 2.0 and comes with ABSOLUTELY NO WARRANTY.
 See the "LICENSE" file distributed with this software for details.
 **************************************************************************************************

  Running TurbSim (from OpenFAST--128-NOTFOUND)


  Reading the input file "./TurbSim.inp".
  WARNING:   The random number generator in use differs from the original code provided by NREL.
  This pRNG uses 8 seeds instead of the 2 in the TurbSim input file.
  WARNING:   The random number generator in use differs from the original code provided by NREL.
  This pRNG uses 8 seeds instead of the 2 in the TurbSim input file.
  Calculating the spectral and transfer function matrices:
     u-component matrices (IEC coherence method)
     v-component matrices (identity coherence)
     w-component matrices (identity coherence)
  Generating time series for all points:
     u-component
     v-component
     w-component
  Computing hub-height statistics
  Writing statistics to summary file
  Hub-height AeroDyn data were written to "./TurbSim.hh"

  Processing complete.  0.75464 CPU seconds used.

  TurbSim terminated normally.


 **************************************************************************************************
 TurbSim

 Copyright (C) 2023 National Renewable Energy Laboratory
 Copyright (C) 2023 Envision Energy USA LTD

 This program is licensed under Apache License Version 2.0 and comes with ABSOLUTELY NO WARRANTY.
 See the "LICENSE" file distributed with this software for details.
 **************************************************************************************************

  Running TurbSim (from OpenFAST--128-NOTFOUND)


  Reading the input file "./TurbSim.inp".
  WARNING:   The random number generator in use differs from the original code provided by NREL.
  This pRNG uses 8 seeds instead of the 2 in the TurbSim input file.
  WARNING:   The random number generator in use differs from the original code provided by NREL.
  This pRNG uses 8 seeds instead of the 2 in the TurbSim input file.
  Calculating the spectral and transfer function matrices:
     u-component matrices (IEC coherence method)
     v-component matrices (identity coherence)
     w-component matrices (identity coherence)
  Generating time series for all points:
     u-component
     v-component
     w-component
  Computing hub-height statistics
  Writing statistics to summary file
  Hub-height AeroDyn data were written to "./TurbSim.hh"

  Processing complete.  0.75751 CPU seconds used.

  TurbSim terminated normally.


 **************************************************************************************************
 TurbSim

 Copyright (C) 2023 National Renewable Energy Laboratory
 Copyright (C) 2023 Envision Energy USA LTD

 This program is licensed under Apache License Version 2.0 and comes with ABSOLUTELY NO WARRANTY.
 See the "LICENSE" file distributed with this software for details.
 **************************************************************************************************

  Running TurbSim (from OpenFAST--128-NOTFOUND)


  Reading the input file "./TurbSim.inp".
  WARNING:   The random number generator in use differs from the original code provided by NREL.
  This pRNG uses 8 seeds instead of the 2 in the TurbSim input file.
  WARNING:   The random number generator in use differs from the original code provided by NREL.
  This pRNG uses 8 seeds instead of the 2 in the TurbSim input file.
  Calculating the spectral and transfer function matrices:
     u-component matrices (IEC coherence method)
     v-component matrices (identity coherence)
     w-component matrices (identity coherence)
  Generating time series for all points:
     u-component
     v-component
     w-component
  Computing hub-height statistics
  Writing statistics to summary file
  Hub-height AeroDyn data were written to "./TurbSim.hh"

  Processing complete.  0.77562 CPU seconds used.

  TurbSim terminated normally.


 **************************************************************************************************
 TurbSim

 Copyright (C) 2023 National Renewable Energy Laboratory
 Copyright (C) 2023 Envision Energy USA LTD

 This program is licensed under Apache License Version 2.0 and comes with ABSOLUTELY NO WARRANTY.
 See the "LICENSE" file distributed with this software for details.
 **************************************************************************************************

  Running TurbSim (from OpenFAST--128-NOTFOUND)


  Reading the input file "./TurbSim.inp".
  WARNING:   The random number generator in use differs from the original code provided by NREL.
  This pRNG uses 8 seeds instead of the 2 in the TurbSim input file.
  WARNING:   The random number generator in use differs from the original code provided by NREL.
  This pRNG uses 8 seeds instead of the 2 in the TurbSim input file.
  Calculating the spectral and transfer function matrices:
     u-component matrices (IEC coherence method)
     v-component matrices (identity coherence)
     w-component matrices (identity coherence)
  Generating time series for all points:
     u-component
     v-component
     w-component
  Computing hub-height statistics
  Writing statistics to summary file
  Hub-height AeroDyn data were written to "./TurbSim.hh"

  Processing complete.  0.82 CPU seconds used.

  TurbSim terminated normally.

multiprocessing.pool.RemoteTraceback: 
"""
Traceback (most recent call last):
  File "/opt/ohpc/pub/apps/python/3.9.10/lib/python3.9/multiprocessing/pool.py", line 125, in worker
    result = (True, func(*args, **kwds))
  File "/opt/ohpc/pub/apps/python/3.9.10/lib/python3.9/multiprocessing/pool.py", line 48, in mapstar
    return list(map(*args))
  File "/home/u31/yihanl21/HPC_wind_turbine/HPC/Betti_HPC.py", line 832, in run_simulation
    return main(*params)
  File "/home/u31/yihanl21/HPC_wind_turbine/HPC/Betti_HPC.py", line 787, in main
    t, x, v_wind, wave_eta, Q_t = rk4(Betti, x0, start_time, end_time, time_step, 0.32, 43093.55, Cp_type, performance, v_w, v_wind)
  File "/home/u31/yihanl21/HPC_wind_turbine/HPC/Betti_HPC.py", line 724, in rk4
    k1, Q_t = Betti(x[i], t[i], beta, T_E, Cp_type, performance, v_wind[i], v_w, random_phases)
IndexError: index 0 is out of bounds for axis 0 with size 0
"""

The above exception was the direct cause of the following exception:

Traceback (most recent call last):
  File "/home/u31/yihanl21/HPC_wind_turbine/HPC/Betti_HPC.py", line 890, in <module>
    results = run_simulations_parallel(n_simulations, params)
  File "/home/u31/yihanl21/HPC_wind_turbine/HPC/Betti_HPC.py", line 858, in run_simulations_parallel
    results = p.map(run_simulation, all_params)
  File "/opt/ohpc/pub/apps/python/3.9.10/lib/python3.9/multiprocessing/pool.py", line 364, in map
    return self._map_async(func, iterable, mapstar, chunksize).get()
  File "/opt/ohpc/pub/apps/python/3.9.10/lib/python3.9/multiprocessing/pool.py", line 771, in get
    raise self._value
IndexError: index 0 is out of bounds for axis 0 with size 0
Detailed performance metrics for this job will be available at https://metrics.hpc.arizona.edu/#job_viewer?action=show&realm=SUPREMM&resource_id=4&local_job_id=1556684 by 8am on 2023/08/23.
